<?xml version="1.0" encoding="UTF-8"?>
<testsuite name="com.twu.biblioteca.library.LibraryTest" tests="7" skipped="0" failures="0" errors="0" timestamp="2015-12-10T00:27:04" hostname="Bretts-iMac.local" time="0.002">
  <properties/>
  <testcase name="testExceptionThrownWhenBookAlreadyReturned" classname="com.twu.biblioteca.library.LibraryTest" time="0.001"/>
  <testcase name="testCheckoutBook" classname="com.twu.biblioteca.library.LibraryTest" time="0.001"/>
  <testcase name="testGetAvailableBooks" classname="com.twu.biblioteca.library.LibraryTest" time="0.0"/>
  <testcase name="testExceptionThrownWhenBookBorrowedTwice" classname="com.twu.biblioteca.library.LibraryTest" time="0.0"/>
  <testcase name="testReturnBook" classname="com.twu.biblioteca.library.LibraryTest" time="0.0"/>
  <testcase name="testGetBorrowedBooks" classname="com.twu.biblioteca.library.LibraryTest" time="0.0"/>
  <testcase name="testCreateBookList" classname="com.twu.biblioteca.library.LibraryTest" time="0.0"/>
  <system-out><![CDATA[]]></system-out>
  <system-err><![CDATA[]]></system-err>
</testsuite>
